2022-05-18T18:37:03.104Z [error] => 	Prueba error
2022-05-25T14:28:15.573Z [error] => 	Error signing in >>>  Wrong username or password
2022-07-16T22:51:06.004Z [error] => 	Hubo un error al guardar: carritos validation failed: emailUsuario: Path `emailUsuario` is required.
2022-07-16T22:53:58.603Z [error] => 	Hubo un error al guardar: carritos validation failed: emailUsuario: Path `emailUsuario` is required.
2022-07-16T22:55:39.403Z [error] => 	Hubo un error al guardar: carritos validation failed: emailUsuario: Path `emailUsuario` is required.
2022-07-16T22:56:40.157Z [error] => 	Hubo un error al guardar: carritos validation failed: emailUsuario: Path `emailUsuario` is required.
2022-07-16T22:56:42.097Z [error] => 	Hubo un error al guardar: carritos validation failed: emailUsuario: Path `emailUsuario` is required.
2022-07-16T22:58:23.961Z [error] => 	Hubo un error al guardar: carritos validation failed: emailUsuario: Path `emailUsuario` is required.
2022-07-16T22:59:02.667Z [error] => 	Hubo un error al guardar: carritos validation failed: emailUsuario: Path `emailUsuario` is required.
2022-07-16T22:59:04.774Z [error] => 	Hubo un error al guardar: carritos validation failed: emailUsuario: Path `emailUsuario` is required.
2022-07-16T23:02:48.547Z [error] => 	Hubo un error al guardar: carritos validation failed: productos: Cast to Array failed for value "[]" (type Array) at path "productos"
2022-07-16T23:10:16.385Z [error] => 	Hubo un error al guardar: carritos validation failed: productos: Cast to Array failed for value "[]" (type Array) at path "productos"
2022-07-16T23:11:19.519Z [error] => 	Hubo un error al guardar: carritos validation failed: productos: Cast to Array failed for value "[]" (type Array) at path "productos"
2022-07-19T01:58:25.065Z [error] => 	Hubo un error al obtener todos los items: MongoClient must be connected to perform this operation
2022-07-19T01:59:11.409Z [error] => 	Hubo un error al obtener todos los items: MongoClient must be connected to perform this operation
2022-07-19T01:59:24.126Z [error] => 	Hubo un error al obtener el item: MongoClient must be connected to perform this operation
2022-07-19T01:59:24.391Z [error] => 	Hubo un error al obtener todos los items: MongoClient must be connected to perform this operation
2022-07-19T02:00:04.481Z [error] => 	Hubo un error al obtener el item: MongoClient must be connected to perform this operation
2022-07-19T02:00:04.811Z [error] => 	Hubo un error al obtener todos los items: MongoClient must be connected to perform this operation
2022-07-19T02:17:00.749Z [error] => 	Hubo un error al obtener el item: MongoClient must be connected to perform this operation
2022-07-19T02:17:01.198Z [error] => 	Hubo un error al obtener todos los items: MongoClient must be connected to perform this operation
2022-07-19T02:18:31.095Z [error] => 	Hubo un error al obtener el item: MongoClient must be connected to perform this operation
2022-07-19T02:18:31.376Z [error] => 	Hubo un error al obtener todos los items: MongoClient must be connected to perform this operation
2022-07-19T03:07:26.316Z [error] => 	Hubo un error al guardar: usuarios validation failed: password: Cast to string failed for value "Promise { <pending> }" (type Promise) at path "password"
2022-07-19T03:12:36.151Z [error] => 	Error signing up >>>  data must be a string or Buffer and salt must either be a salt string or a number of rounds
2022-07-19T03:16:03.451Z [error] => 	Hubo un error al guardar: usuarios validation failed: password: Cast to string failed for value "Promise { <pending> }" (type Promise) at path "password"
2022-07-21T02:31:32.909Z [error] => 	Error signing up >>>  user is not defined
2022-07-21T02:32:39.972Z [error] => 	Error signing up >>>  user is not defined
2022-07-21T20:00:55.561Z [error] => 	Hubo un error al guardar: ENOENT: no such file or directory, open 'C:\Users\sebab\Documents\Cursos\Carrera Desarrollo Backend\Curso Programación Backend\Proyecto Final - Ultima entrega\models\dataFileSystem\mensajesNuevoFormato.txt'
2022-07-22T02:04:55.410Z [error] => 	Hubo un error al guardar: DTO is not defined
2022-07-22T02:05:50.514Z [error] => 	Hubo un error al guardar: DTO is not defined
2022-07-22T02:06:41.222Z [error] => 	Hubo un error al guardar: this.DTO is not a constructor
2022-07-22T02:11:28.368Z [error] => 	Hubo un error al guardar: this.DTO is not a constructor
2022-07-22T02:53:29.599Z [error] => 	Hubo un error al guardar: E11000 duplicate key error collection: ecommerce.productos index: codigo_1 dup key: { codigo: "0002" }
2022-07-22T03:34:55.754Z [error] => 	Error signing in >>>  usuariosDao.getByEmail is not a function
2022-07-22T03:39:39.930Z [error] => 	Error signing in >>>  ContenedorFileSystem.getAll is not a function
2022-07-22T03:40:39.908Z [error] => 	Error signing in >>>  Wrong username or password
2022-07-22T03:41:30.757Z [error] => 	Error signing in >>>  Wrong username or password
2022-07-22T03:41:54.995Z [error] => 	Error signing in >>>  Wrong username or password
2022-07-22T03:42:31.092Z [error] => 	Error signing in >>>  Wrong username or password
2022-07-22T15:07:26.964Z [error] => 	Hubo un error al eliminar el objeto: Cannot read properties of undefined (reading '_id')
2022-07-22T19:18:22.023Z [error] => 	Error signing in >>>  Wrong username or password
2022-07-22T20:46:38.831Z [error] => 	Error signing in >>>  Wrong username or password
2022-07-23T14:55:57.547Z [error] => 	Error signing in >>>  req.flash is not a function
2022-07-23T15:04:30.867Z [error] => 	Error signing in >>>  Wrong username or password
2022-07-23T15:10:17.881Z [error] => 	Error signing in >>>  Wrong username or password
2022-07-23T15:15:27.934Z [error] => 	Error signing in >>>  Wrong username or password
2022-07-23T15:16:16.479Z [error] => 	Error signing in >>>  Wrong username or password
2022-07-23T15:18:20.873Z [error] => 	Error signing in >>>  Wrong username or password
2022-07-23T15:38:30.615Z [error] => 	Error signing in >>>  Error generado a manopla!!!
2022-07-23T15:39:29.622Z [error] => 	Error signing in >>>  Error generado a manopla!!!
2022-07-23T15:40:56.762Z [error] => 	Error signing in >>>  Error generado a manopla!!!
2022-07-23T15:41:26.089Z [error] => 	Error signing in >>>  Error generado a manopla!!!
2022-07-23T15:48:11.839Z [error] => 	Error signing up >>>  A manoplaaaa!!
2022-07-23T15:51:38.796Z [error] => 	Error signing in >>>  Wrong username or password
2022-07-24T19:32:09.361Z [error] => 	Error signing in >>>  Wrong username or password
2022-07-24T19:32:18.854Z [error] => 	Error signing in >>>  Wrong username or password
2022-07-26T01:39:45.868Z [error] => 	Hubo un error al guardar: Value for argument "data" is not a valid Firestore document. Cannot use "undefined" as a Firestore value (found in field "emailUsuario"). If you want to ignore undefined values, enable `ignoreUndefinedProperties`.
2022-07-26T01:44:20.160Z [error] => 	Hubo un error al guardar: Value for argument "data" is not a valid Firestore document. Cannot use "undefined" as a Firestore value (found in field "emailUsuario"). If you want to ignore undefined values, enable `ignoreUndefinedProperties`.
2022-07-26T01:45:42.986Z [error] => 	Hubo un error al guardar: Value for argument "data" is not a valid Firestore document. Cannot use "undefined" as a Firestore value (found in field "emailUsuario"). If you want to ignore undefined values, enable `ignoreUndefinedProperties`.
2022-07-26T01:48:14.379Z [error] => 	Hubo un error al guardar: Value for argument "data" is not a valid Firestore document. Cannot use "undefined" as a Firestore value (found in field "emailUsuario"). If you want to ignore undefined values, enable `ignoreUndefinedProperties`.
2022-07-26T01:49:20.514Z [error] => 	Hubo un error al guardar: Value for argument "data" is not a valid Firestore document. Cannot use "undefined" as a Firestore value (found in field "emailUsuario"). If you want to ignore undefined values, enable `ignoreUndefinedProperties`.
2022-07-26T01:50:43.412Z [error] => 	Hubo un error al guardar: Value for argument "data" is not a valid Firestore document. Cannot use "undefined" as a Firestore value (found in field "emailUsuario"). If you want to ignore undefined values, enable `ignoreUndefinedProperties`.
2022-07-26T02:09:01.611Z [error] => 	Hubo un error al guardar: insert into `carritos` (`emailUsuario`, `estado`, `productos`) values ('seba.bellesi@gmail.com', 'pendiente', ) - ER_PARSE_ERROR: You have an error in your SQL syntax; check the manual that corresponds to your MariaDB server version for the right syntax to use near ')' at line 1
2022-07-26T02:15:13.545Z [error] => 	Hubo un error al eliminar el item del array: Undefined binding(s) detected when compiling FIRST. Undefined column(s): [id_carrito] query: select * from `carrito_productos` where `id_carrito` = ? and `id_producto` = ? limit ?
2022-07-26T02:15:38.181Z [error] => 	Hubo un error al eliminar el item del array: Undefined binding(s) detected when compiling FIRST. Undefined column(s): [id_carrito] query: select * from `carrito_productos` where `id_carrito` = ? and `id_producto` = ? limit ?
2022-07-26T02:20:29.260Z [error] => 	Error signing in >>>  usuariosDao.getByEmail is not a function
2022-07-26T02:20:55.199Z [error] => 	Error signing in >>>  usuariosDao.getByEmail is not a function
2022-07-26T02:30:46.749Z [error] => 	Hubo un error al modificar: update `carritos` set `_id` = 4, `emailUsuario` = 'seba.bellesi@gmail.com', `estado` = 'finalizado', `timestamp` = '2022-07-25 23:13:24.000', `productos` = {"_id":2,"timestamp":"2022-07-26T02:00:09.000Z","nombre":"prodX","descripcion":"descripX","codigo":"P00B","fotoUrl":"https://cloudfront-eu-central-1.images.arcpublishing.com/prisa/AGYRBXKZQH6C4KYQU6IGD2BDIE.jpg","precio":66.44,"stock":77,"categoria":"Libreria"}, {"_id":2,"timestamp":"2022-07-26T02:00:09.000Z","nombre":"prodX","descripcion":"descripX","codigo":"P00B","fotoUrl":"https://cloudfront-eu-central-1.images.arcpublishing.com/prisa/AGYRBXKZQH6C4KYQU6IGD2BDIE.jpg","precio":66.44,"stock":77,"categoria":"Libreria"}, {"_id":4,"timestamp":"2022-07-26T02:06:59.000Z","nombre":"Otro3","descripcion":"Otro 3","codigo":"P099","fotoUrl":"https://cloudfront-eu-central-1.images.arcpublishing.com/prisa/AGYRBXKZQH6C4KYQU6IGD2BDIE.jpg","precio":674.35,"stock":22,"categoria":"Libreria"} where `_id` = '4' - ER_PARSE_ERROR: You have an error in your SQL syntax; check the manual that corresponds to your MariaDB server version for the right syntax to use near ''[object Object]', '[object Object]' where `_id` = '4'' at line 1
2022-07-26T02:32:36.359Z [error] => 	Hubo un error al modificar: update `carritos` set `_id` = 4, `emailUsuario` = 'seba.bellesi@gmail.com', `estado` = 'finalizado', `timestamp` = '2022-07-25 23:13:24.000', `productos` = {"_id":2,"timestamp":"2022-07-26T02:00:09.000Z","nombre":"prodX","descripcion":"descripX","codigo":"P00B","fotoUrl":"https://cloudfront-eu-central-1.images.arcpublishing.com/prisa/AGYRBXKZQH6C4KYQU6IGD2BDIE.jpg","precio":66.44,"stock":77,"categoria":"Libreria"}, {"_id":2,"timestamp":"2022-07-26T02:00:09.000Z","nombre":"prodX","descripcion":"descripX","codigo":"P00B","fotoUrl":"https://cloudfront-eu-central-1.images.arcpublishing.com/prisa/AGYRBXKZQH6C4KYQU6IGD2BDIE.jpg","precio":66.44,"stock":77,"categoria":"Libreria"}, {"_id":4,"timestamp":"2022-07-26T02:06:59.000Z","nombre":"Otro3","descripcion":"Otro 3","codigo":"P099","fotoUrl":"https://cloudfront-eu-central-1.images.arcpublishing.com/prisa/AGYRBXKZQH6C4KYQU6IGD2BDIE.jpg","precio":674.35,"stock":22,"categoria":"Libreria"} where `_id` = '4' - ER_PARSE_ERROR: You have an error in your SQL syntax; check the manual that corresponds to your MariaDB server version for the right syntax to use near ''[object Object]', '[object Object]' where `_id` = '4'' at line 1
2022-07-26T02:33:15.408Z [error] => 	Hubo un error al modificar: update `carritos` set `_id` = 4, `emailUsuario` = 'seba.bellesi@gmail.com', `estado` = 'finalizado', `timestamp` = '2022-07-25 23:13:24.000', `productos` = {"_id":2,"timestamp":"2022-07-26T02:00:09.000Z","nombre":"prodX","descripcion":"descripX","codigo":"P00B","fotoUrl":"https://cloudfront-eu-central-1.images.arcpublishing.com/prisa/AGYRBXKZQH6C4KYQU6IGD2BDIE.jpg","precio":66.44,"stock":77,"categoria":"Libreria"}, {"_id":2,"timestamp":"2022-07-26T02:00:09.000Z","nombre":"prodX","descripcion":"descripX","codigo":"P00B","fotoUrl":"https://cloudfront-eu-central-1.images.arcpublishing.com/prisa/AGYRBXKZQH6C4KYQU6IGD2BDIE.jpg","precio":66.44,"stock":77,"categoria":"Libreria"}, {"_id":4,"timestamp":"2022-07-26T02:06:59.000Z","nombre":"Otro3","descripcion":"Otro 3","codigo":"P099","fotoUrl":"https://cloudfront-eu-central-1.images.arcpublishing.com/prisa/AGYRBXKZQH6C4KYQU6IGD2BDIE.jpg","precio":674.35,"stock":22,"categoria":"Libreria"} where `_id` = '4' - ER_PARSE_ERROR: You have an error in your SQL syntax; check the manual that corresponds to your MariaDB server version for the right syntax to use near ''[object Object]', '[object Object]' where `_id` = '4'' at line 1
2022-07-26T02:42:15.369Z [error] => 	Hubo un error al modificar: update `carritos` set `_id` = 4, `emailUsuario` = 'seba.bellesi@gmail.com', `estado` = 'finalizado', `timestamp` = '2022-07-25 23:13:24.000', `productos` = {"_id":2,"timestamp":"2022-07-26T02:00:09.000Z","nombre":"prodX","descripcion":"descripX","codigo":"P00B","fotoUrl":"https://cloudfront-eu-central-1.images.arcpublishing.com/prisa/AGYRBXKZQH6C4KYQU6IGD2BDIE.jpg","precio":66.44,"stock":77,"categoria":"Libreria"}, {"_id":2,"timestamp":"2022-07-26T02:00:09.000Z","nombre":"prodX","descripcion":"descripX","codigo":"P00B","fotoUrl":"https://cloudfront-eu-central-1.images.arcpublishing.com/prisa/AGYRBXKZQH6C4KYQU6IGD2BDIE.jpg","precio":66.44,"stock":77,"categoria":"Libreria"}, {"_id":4,"timestamp":"2022-07-26T02:06:59.000Z","nombre":"Otro3","descripcion":"Otro 3","codigo":"P099","fotoUrl":"https://cloudfront-eu-central-1.images.arcpublishing.com/prisa/AGYRBXKZQH6C4KYQU6IGD2BDIE.jpg","precio":674.35,"stock":22,"categoria":"Libreria"} where `_id` = '4' - ER_PARSE_ERROR: You have an error in your SQL syntax; check the manual that corresponds to your MariaDB server version for the right syntax to use near ''[object Object]', '[object Object]' where `_id` = '4'' at line 1
2022-07-26T02:50:55.540Z [error] => 	Hubo un error al modificar: update `carritos` set `_id` = 4, `emailUsuario` = 'seba.bellesi@gmail.com', `estado` = 'finalizado', `timestamp` = '2022-07-25 23:13:24.000', `productos` = {"_id":2,"timestamp":"2022-07-26T02:00:09.000Z","nombre":"prodX","descripcion":"descripX","codigo":"P00B","fotoUrl":"https://cloudfront-eu-central-1.images.arcpublishing.com/prisa/AGYRBXKZQH6C4KYQU6IGD2BDIE.jpg","precio":66.44,"stock":77,"categoria":"Libreria"}, {"_id":2,"timestamp":"2022-07-26T02:00:09.000Z","nombre":"prodX","descripcion":"descripX","codigo":"P00B","fotoUrl":"https://cloudfront-eu-central-1.images.arcpublishing.com/prisa/AGYRBXKZQH6C4KYQU6IGD2BDIE.jpg","precio":66.44,"stock":77,"categoria":"Libreria"}, {"_id":4,"timestamp":"2022-07-26T02:06:59.000Z","nombre":"Otro3","descripcion":"Otro 3","codigo":"P099","fotoUrl":"https://cloudfront-eu-central-1.images.arcpublishing.com/prisa/AGYRBXKZQH6C4KYQU6IGD2BDIE.jpg","precio":674.35,"stock":22,"categoria":"Libreria"} where `_id` = '4' - ER_PARSE_ERROR: You have an error in your SQL syntax; check the manual that corresponds to your MariaDB server version for the right syntax to use near ''[object Object]', '[object Object]' where `_id` = '4'' at line 1
2022-07-26T03:04:52.418Z [error] => 	Error signing in >>>  usuariosDao.getByEmail is not a function
2022-07-26T03:05:31.994Z [error] => 	Error signing in >>>  Cannot read properties of undefined (reading 'password')
2022-07-26T03:07:07.761Z [error] => 	Error signing in >>>  data and hash arguments required
2022-07-26T03:12:42.776Z [error] => 	Error signing in >>>  Wrong username or password
2022-07-26T13:40:21.009Z [error] => 	Error signing in >>>  Wrong username or password
2022-07-26T13:41:14.984Z [error] => 	Error signing in >>>  Wrong username or password
2022-07-26T14:04:56.924Z [error] => 	Hubo un error al guardar: E11000 duplicate key error collection: ecommerce.ordenes index: emailUsuario_1 dup key: { emailUsuario: "seba.bellesi@gmail.com" }
