2022-07-14T03:39:28.629Z [warn] => 	No se encontró el producto con id 628e804cc9c0bae3804e7771
2022-07-15T21:46:51.796Z [warn] => 	No se encontraron productos
2022-07-15T21:48:36.693Z [warn] => 	No se encontró el producto con id 628e804cc9c0bae3804e777c1
2022-07-15T21:54:15.629Z [warn] => 	No se encontró el producto con id 628e804cc9c0bae3804e777c1
2022-07-15T22:02:16.930Z [warn] => 	No se encontró el producto con id 62d1e1fdec2f531f39b1c24d1
2022-07-15T22:03:14.331Z [warn] => 	No se encontró el producto con id 62d1e1fdec2f531f39b1c24d1
2022-07-15T22:03:59.252Z [warn] => 	No se encontró el producto con id 62d1e1fdec2f531f39b1c24d
2022-07-16T23:16:32.201Z [warn] => 	No se encontró el carrito con id 62d3466ae938a53e60703030
2022-07-17T03:26:53.191Z [warn] => 	No se encontró el carrito con id 62d381577b35132d1a0a9ac7
2022-07-17T03:29:04.372Z [warn] => 	No se encontró el carrito con id 62d381577b35132d1a0a9ac7
2022-07-19T01:10:32.106Z [warn] => 	No se encontró el carrito con id 62d6040742e927917687f80A
2022-07-19T01:23:26.551Z [warn] => 	No se encontró el carrito con id 62d6036cefb25261b23e1230
2022-07-19T01:25:29.809Z [warn] => 	No se encontró el carrito con id 62d607085b3c14fe8f44488d
2022-07-19T01:27:45.800Z [warn] => 	No se encontró el producto con id 62d6085bd966219e059b88ba dentro del carrito con id 62d607f1d966219e059b88af
2022-07-19T01:28:45.667Z [warn] => 	No se encontró el producto con id 628e804cc9c0bae3804e777c dentro del carrito con id 62d607f1d966219e059b88af
2022-07-20T02:41:45.994Z [warn] => 	No se encontró el carrito con id 62d607085b3c14fe8f44488d
2022-07-20T03:21:15.457Z [warn] => 	Invalid user or password
2022-07-22T18:32:55.385Z [warn] => 	Invalid user or password

2022-07-23T16:58:41.432Z [warn] => 	No se encontraron productos con categoria Varios2
2022-07-23T17:35:49.321Z [warn] => 	No se encontró el producto con id 4
2022-07-23T17:42:03.505Z [warn] => 	No se encontró el producto con id categoria
2022-07-23T18:15:21.442Z [warn] => 	Error websocket: No se encontraron mensajes
2022-07-23T18:15:32.616Z [warn] => 	Error websocket: No se encontraron mensajes
2022-07-23T18:16:31.775Z [warn] => 	Error websocket: No se encontraron mensajes
2022-07-23T18:16:54.475Z [warn] => 	Error websocket: No se encontraron mensajes
2022-07-23T18:17:02.118Z [warn] => 	Error websocket: No se encontraron mensajes
2022-07-23T19:30:59.804Z [warn] => 	No se encontraron productos asociados al carrito con id 2
2022-07-23T19:31:36.108Z [warn] => 	No se encontraron productos asociados al carrito con id 2
2022-07-23T19:50:21.418Z [warn] => 	Error websocket: No se encontraron mensajes
2022-07-23T19:51:57.244Z [warn] => 	Error websocket: No se encontraron mensajes
2022-07-23T19:53:24.587Z [warn] => 	Error websocket: No se encontraron mensajes
2022-07-23T19:55:21.413Z [warn] => 	No se encontraron productos asociados al carrito con id 2
2022-07-23T21:07:08.463Z [warn] => 	Error websocket: No se encontraron mensajes
2022-07-23T21:08:02.887Z [warn] => 	Error websocket: No se encontraron mensajes
2022-07-23T21:13:25.288Z [warn] => 	No se encontraron productos asociados al carrito con id 62dc643cab80b2aec97267b6
2022-07-23T21:13:38.891Z [warn] => 	No se encontraron productos asociados al carrito con id 62dc6423ab80b2aec97267b4
2022-07-23T21:15:33.528Z [warn] => 	Error websocket: No se encontraron mensajes
2022-07-23T21:16:25.977Z [warn] => 	Error websocket: No se encontraron mensajes
2022-07-23T21:16:47.352Z [warn] => 	Error websocket: No se encontraron mensajes
2022-07-23T21:18:40.783Z [warn] => 	Error websocket: No se encontraron mensajes
2022-07-23T21:20:16.111Z [warn] => 	Error websocket: No se encontraron mensajes
2022-07-23T21:21:48.379Z [warn] => 	Error websocket: No se encontraron mensajes
2022-07-23T21:22:29.303Z [warn] => 	Error websocket: No se encontraron mensajes
2022-07-23T21:24:00.164Z [warn] => 	Error websocket: No se encontraron mensajes
2022-07-23T21:26:47.435Z [warn] => 	Error websocket: No se encontraron mensajes
2022-07-23T21:26:59.730Z [warn] => 	Error websocket: No se encontraron mensajes
2022-07-23T21:27:23.545Z [warn] => 	Error websocket: No se encontraron mensajes
2022-07-23T21:27:57.680Z [warn] => 	Error websocket: No se encontraron mensajes
2022-07-23T21:28:17.220Z [warn] => 	Error websocket: No se encontraron mensajes
2022-07-23T21:30:03.112Z [warn] => 	No se encontraron productos asociados al carrito con id 2
2022-07-23T21:30:33.798Z [warn] => 	Error websocket: No se encontraron mensajes
2022-07-23T22:54:20.072Z [warn] => 	Error websocket: No se encontraron mensajes
2022-07-23T22:54:41.967Z [warn] => 	Error websocket: No se encontraron mensajes
2022-07-23T22:57:57.560Z [warn] => 	Error websocket: No se encontraron mensajes
2022-07-24T22:19:21.892Z [warn] => 	Error websocket: No se encontraron mensajes
2022-07-24T22:19:32.028Z [warn] => 	Error websocket: No se encontraron mensajes
2022-07-24T22:42:58.236Z [warn] => 	Error websocket: El formato del mensaje enviado es incorrecto
2022-07-24T22:51:49.862Z [warn] => 	Error websocket: El formato del mensaje enviado es incorrecto
2022-07-24T22:51:55.519Z [warn] => 	Error websocket: El formato del mensaje enviado es incorrecto
2022-07-24T23:19:57.358Z [warn] => 	Error websocket: No se encontraron mensajes
2022-07-24T23:20:32.108Z [warn] => 	Error websocket: No se encontraron mensajes
2022-07-24T23:20:35.240Z [warn] => 	Error websocket: No se encontraron mensajes
2022-07-25T14:18:43.685Z [warn] => 	No se encontraron carritos
2022-07-25T15:37:56.121Z [warn] => 	No se encontraron órdenes
2022-07-25T15:41:04.474Z [warn] => 	No se encontraron órdenes para el usuario seba.bellesi@gmail.com
2022-07-25T15:41:19.245Z [warn] => 	No se encontraron órdenes para el usuario seba.bellesi2@gmail.com
2022-07-25T15:42:09.413Z [warn] => 	No se encontraron órdenes para el usuario seba.bellesi2@gmail.com
2022-07-25T15:43:14.893Z [warn] => 	No se encontraron productos con categoria Varios2
2022-07-25T15:46:17.638Z [warn] => 	No se encontró el carrito con id 4
2022-07-25T15:46:30.634Z [warn] => 	No se encontraron órdenes para el usuario seba.bellesi@gmail.com
2022-07-25T15:47:13.657Z [warn] => 	No se encontraron productos asociados al carrito con id 2
2022-07-25T15:47:47.312Z [warn] => 	No se encontraron productos asociados al carrito con id 2
2022-07-25T16:11:08.946Z [warn] => 	No se encontraron mensajes
2022-07-25T16:12:14.191Z [warn] => 	No se encontraron mensajes del usuario seba.belles2i@gmail.com
2022-07-26T00:20:24.778Z [warn] => 	No se encontró el producto con id 4
2022-07-26T00:21:02.390Z [warn] => 	No se encontró el producto con id 5
2022-07-26T00:21:18.814Z [warn] => 	No se encontró el producto con id 5
2022-07-26T00:21:27.984Z [warn] => 	No se encontró el producto con id 4
2022-07-26T00:21:44.428Z [warn] => 	No se encontraron carritos
2022-07-26T00:22:36.878Z [warn] => 	No se encontró el producto con id 5
2022-07-26T00:23:33.925Z [warn] => 	No se encontró el carrito con id 3
2022-07-26T00:23:49.735Z [warn] => 	No se encontró el producto con id 5
2022-07-26T00:24:44.786Z [warn] => 	No se encontró el carrito con id 5
2022-07-26T00:24:52.596Z [warn] => 	No se encontró el carrito con id 2
2022-07-26T00:24:56.150Z [warn] => 	No se encontraron carritos
2022-07-26T00:25:29.521Z [warn] => 	No se encontraron mensajes
2022-07-26T00:27:16.651Z [warn] => 	No se encontraron órdenes
2022-07-26T00:27:22.684Z [warn] => 	No se encontraron órdenes para el usuario seba.bellesi@gmail.com
2022-07-26T00:28:38.134Z [warn] => 	No se encontró el carrito con id 2
2022-07-26T00:30:17.486Z [warn] => 	No se encontró el carrito con id 2
2022-07-26T00:30:26.713Z [warn] => 	No se encontró el carrito con id 1
2022-07-26T00:30:35.433Z [warn] => 	No se encontraron productos asociados al carrito con id 1
2022-07-26T00:33:14.823Z [warn] => 	No se encontró el carrito con id 1
2022-07-26T01:10:25.106Z [warn] => 	Error websocket: No se encontraron mensajes
2022-07-26T01:16:16.677Z [warn] => 	No se encontraron productos
2022-07-26T01:20:18.957Z [warn] => 	No se encontraron productos con categoria Libreria2
2022-07-26T01:21:29.544Z [warn] => 	No se encontró el producto con id UH7B4SvX6KUOb1sfBvmY
2022-07-26T01:21:48.525Z [warn] => 	No se encontraron carritos
2022-07-26T01:24:16.330Z [warn] => 	No se encontró el producto con id kSPTZ2z5MI2EuiYNSRU2
2022-07-26T01:26:12.582Z [warn] => 	No se encontró el producto con id kSPTZ2z5MI2EuiYNSRUH dentro del carrito con id GMFIPhp3MeTV1SsxHI2p
2022-07-26T01:27:40.948Z [warn] => 	No se encontraron mensajes
2022-07-26T01:28:40.993Z [warn] => 	No se encontraron órdenes
2022-07-26T01:35:21.011Z [warn] => 	No se encontraron órdenes
2022-07-26T01:35:48.009Z [warn] => 	No se encontraron productos asociados al carrito con id n2dKYb06sJQXFXQtw20G
2022-07-26T01:59:43.060Z [warn] => 	No se encontraron productos
2022-07-26T02:00:55.145Z [warn] => 	No se encontraron productos con categoria Libreria2
2022-07-26T02:06:29.308Z [warn] => 	No se encontró el producto con id 3
2022-07-26T02:07:24.099Z [warn] => 	No se encontraron carritos
2022-07-26T02:14:05.799Z [warn] => 	No se encontró el carrito con id 1
2022-07-26T02:14:29.849Z [warn] => 	No se encontró el carrito con id 5
2022-07-26T02:15:34.910Z [warn] => 	No se encontró el producto con id 5
2022-07-26T02:18:06.045Z [warn] => 	No se encontró el producto con id 4 dentro del carrito con id 4
2022-07-26T02:18:59.129Z [warn] => 	No se encontraron mensajes
2022-07-26T02:26:20.104Z [warn] => 	No se encontraron órdenes
2022-07-26T02:26:22.867Z [warn] => 	No se encontraron órdenes para el usuario seba.bellesi@gmail.com
2022-07-26T02:30:36.735Z [warn] => 	No se encontró el carrito con id 1
2022-07-26T02:30:40.154Z [warn] => 	No se encontró el carrito con id 3
2022-07-26T02:30:42.403Z [warn] => 	No se encontraron productos asociados al carrito con id 5
2022-07-26T02:41:53.852Z [warn] => 	No se encontraron órdenes
2022-07-26T02:42:10.342Z [warn] => 	No se encontraron productos asociados al carrito con id 5
2022-07-26T02:50:50.369Z [warn] => 	No se encontraron órdenes
2022-07-26T02:54:43.269Z [warn] => 	No se encontraron órdenes
2022-07-26T02:55:21.243Z [warn] => 	No se encontraron órdenes para el usuario seba.bellesi2@gmail.com
2022-07-26T03:00:30.335Z [warn] => 	No se encontraron productos
2022-07-26T03:01:30.531Z [warn] => 	No se encontró el producto con id 22
2022-07-26T03:02:02.168Z [warn] => 	No se encontró el producto con id 3
2022-07-26T03:02:37.553Z [warn] => 	No se encontraron carritos
2022-07-26T03:02:56.531Z [warn] => 	No se encontró el carrito con id 1
2022-07-26T03:03:40.680Z [warn] => 	No se encontró el producto con id 2 dentro del carrito con id 2
2022-07-26T03:04:21.861Z [warn] => 	No se encontraron mensajes
2022-07-26T03:09:34.108Z [warn] => 	Invalid user or password
2022-07-26T03:10:17.528Z [warn] => 	Invalid user or password
2022-07-26T03:10:49.226Z [warn] => 	No se encontraron órdenes
2022-07-26T03:10:53.386Z [warn] => 	No se encontraron órdenes para el usuario seba.bellesi@gmail.com
2022-07-26T03:11:00.162Z [warn] => 	No se encontró el carrito con id 4
2022-07-26T03:14:35.445Z [warn] => 	No se encontró el producto con id 5
2022-07-26T03:14:44.612Z [warn] => 	No se encontró el producto con id 5
2022-07-26T03:15:58.536Z [warn] => 	No se encontró el producto con id 3 dentro del carrito con id 3
2022-07-26T03:16:46.229Z [warn] => 	No se encontraron mensajes del usuario seba.bellesi2@gmail.com
2022-07-26T13:40:13.795Z [warn] => 	Invalid user or password
2022-07-26T13:54:41.954Z [warn] => 	No se encontró el producto con id 62dff1cf7814872d604124b6
2022-07-26T13:59:03.657Z [warn] => 	No se encontró el producto con id 62dc32a8c8886f5fa226e466 dentro del carrito con id 62dff2d47814872d604124c4
2022-07-26T13:59:40.818Z [warn] => 	No se encontró el carrito con id 62dff2d47814872d604124c4
2022-07-26T13:59:43.763Z [warn] => 	No se encontró el carrito con id 62dff2d47814872d604124c4
2022-07-26T14:07:10.763Z [warn] => 	No se encontraron órdenes
2022-07-26T14:12:03.866Z [warn] => 	No se encontraron órdenes para el usuario seba.bellesi2@gmail.com
